<?xml version="1.0" encoding="utf-8"?><testsuites name="pytest tests"><testsuite name="pytest" errors="0" failures="0" skipped="0" tests="3" time="17.715" timestamp="2026-07-23T14:56:29.712048+00:00" hostname="agent-env-64c0b214-278b-46ee-af92-c4c2fcd12a17"><testcase classname="tests.test_iteration4_manipulation.TestPageItemFontWeightStyle" name="test_patch_page_text_item_font_weight_and_style_persist" time="15.753" /><testcase classname="tests.test_iteration4_manipulation.TestCoverPersistence" name="test_patch_cover_field_persists" time="16.619" /><testcase classname="tests.test_iteration4_manipulation.TestPdfExportWithCoverAndBoldText" name="test_pdf_export_after_cover_and_bold_text_updates" time="0.584" /></testsuite></testsuites>