<?xml version="1.0" encoding="utf-8"?><testsuites name="pytest tests"><testsuite name="pytest" errors="0" failures="0" skipped="0" tests="31" time="35.931" timestamp="2026-07-23T14:35:47.475471+00:00" hostname="agent-env-64c0b214-278b-46ee-af92-c4c2fcd12a17"><testcase classname="tests.backend_test.TestAlbumFlow" name="test_create_album" time="0.766" /><testcase classname="tests.backend_test.TestCoverImageAndPhotoEditing" name="test_setup_album" time="30.367" /><testcase classname="tests.backend_test.TestAlbumFlow" name="test_list_albums" time="0.074" /><testcase classname="tests.backend_test.TestAlbumFlow" name="test_get_album" time="0.078" /><testcase classname="tests.backend_test.TestAlbumFlow" name="test_patch_album" time="0.870" /><testcase classname="tests.backend_test.TestAlbumFlow" name="test_upload_photos" time="12.441" /><testcase classname="tests.backend_test.TestAlbumFlow" name="test_photo_image_with_query_auth" time="0.270" /><testcase classname="tests.backend_test.TestAlbumFlow" name="test_photo_image_without_auth" time="0.068" /><testcase classname="tests.backend_test.TestAlbumFlow" name="test_process_and_poll_status" time="19.992" /><testcase classname="tests.backend_test.TestCoverImageAndPhotoEditing" name="test_upload_cover_image_success" time="0.540" /><testcase classname="tests.backend_test.TestCoverImageAndPhotoEditing" name="test_upload_cover_image_invalid_content_type" time="0.060" /><testcase classname="tests.backend_test.TestCoverImageAndPhotoEditing" name="test_upload_cover_image_someone_elses_album_returns_404" time="0.355" /><testcase classname="tests.backend_test.TestCoverImageAndPhotoEditing" name="test_get_cover_image_with_query_auth" time="0.215" /><testcase classname="tests.backend_test.TestCoverImageAndPhotoEditing" name="test_get_cover_image_without_auth_returns_401" time="0.047" /><testcase classname="tests.backend_test.TestCoverImageAndPhotoEditing" name="test_pdf_export_with_cover_image" time="0.530" /><testcase classname="tests.backend_test.TestCoverImageAndPhotoEditing" name="test_patch_photo_items_scale_and_focal" time="0.205" /><testcase classname="tests.backend_test.TestCoverImageAndPhotoEditing" name="test_pdf_export_after_scale_focal_update" time="0.412" /><testcase classname="tests.backend_test.TestCoverImageAndPhotoEditing" name="test_delete_cover_image" time="0.132" /><testcase classname="tests.backend_test.TestCoverImageAndPhotoEditing" name="test_get_cover_image_after_delete_returns_404" time="0.062" /><testcase classname="tests.backend_test.TestCoverImageAndPhotoEditing" name="test_cleanup" time="0.072" /><testcase classname="tests.backend_test.TestAuth" name="test_signup_and_me" time="0.063" /><testcase classname="tests.backend_test.TestAuth" name="test_signup_duplicate_email" time="0.070" /><testcase classname="tests.backend_test.TestAuth" name="test_login_success" time="0.283" /><testcase classname="tests.backend_test.TestAuth" name="test_login_wrong_password" time="0.291" /><testcase classname="tests.backend_test.TestAuth" name="test_me_without_token" time="0.058" /><testcase classname="tests.backend_test.TestHealth" name="test_root" time="0.069" /><testcase classname="tests.backend_test.TestHealth" name="test_cover_templates" time="0.056" /><testcase classname="tests.backend_test.TestNonImageSkipped" name="test_upload_skips_non_image" time="0.662" /><testcase classname="tests.backend_test.TestAlbumFlow" name="test_export_pdf" time="0.654" /><testcase classname="tests.backend_test.TestAlbumFlow" name="test_export_pdf_without_auth" time="0.071" /><testcase classname="tests.backend_test.TestAlbumFlow" name="test_delete_album" time="0.134" /></testsuite></testsuites>