<?xml version="1.0" encoding="utf-8"?><testsuites name="pytest tests"><testsuite name="pytest" errors="0" failures="0" skipped="0" tests="19" time="13.072" timestamp="2026-07-23T14:13:23.464383+00:00" hostname="agent-env-64c0b214-278b-46ee-af92-c4c2fcd12a17"><testcase classname="tests.backend_test.TestAuth" name="test_signup_and_me" time="0.615" /><testcase classname="tests.backend_test.TestAuth" name="test_signup_duplicate_email" time="0.045" /><testcase classname="tests.backend_test.TestAlbumFlow" name="test_create_album" time="0.729" /><testcase classname="tests.backend_test.TestAuth" name="test_login_success" time="0.274" /><testcase classname="tests.backend_test.TestAlbumFlow" name="test_list_albums" time="0.221" /><testcase classname="tests.backend_test.TestAuth" name="test_login_wrong_password" time="0.275" /><testcase classname="tests.backend_test.TestAlbumFlow" name="test_get_album" time="0.278" /><testcase classname="tests.backend_test.TestAuth" name="test_me_without_token" time="0.052" /><testcase classname="tests.backend_test.TestAlbumFlow" name="test_patch_album" time="0.184" /><testcase classname="tests.backend_test.TestHealth" name="test_root" time="0.051" /><testcase classname="tests.backend_test.TestHealth" name="test_cover_templates" time="0.052" /><testcase classname="tests.backend_test.TestNonImageSkipped" name="test_upload_skips_non_image" time="1.416" /><testcase classname="tests.backend_test.TestAlbumFlow" name="test_upload_photos" time="1.383" /><testcase classname="tests.backend_test.TestAlbumFlow" name="test_photo_image_with_query_auth" time="0.542" /><testcase classname="tests.backend_test.TestAlbumFlow" name="test_photo_image_without_auth" time="0.059" /><testcase classname="tests.backend_test.TestAlbumFlow" name="test_process_and_poll_status" time="8.246" /><testcase classname="tests.backend_test.TestAlbumFlow" name="test_export_pdf" time="0.754" /><testcase classname="tests.backend_test.TestAlbumFlow" name="test_export_pdf_without_auth" time="0.061" /><testcase classname="tests.backend_test.TestAlbumFlow" name="test_delete_album" time="0.114" /></testsuite></testsuites>